2026-04-01 10:47:57,541 INFO o.a.j.u.JMeterUtils: Setting Locale to en_IN
2026-04-01 10:47:57,745 INFO o.a.j.JMeter: Loading user properties from: user.properties
2026-04-01 10:47:57,791 INFO o.a.j.JMeter: Loading system properties from: system.properties
2026-04-01 10:47:57,798 INFO o.a.j.JMeter: Copyright (c) 1998-2024 The Apache Software Foundation
2026-04-01 10:47:57,798 INFO o.a.j.JMeter: Version 5.6.3
2026-04-01 10:47:57,798 INFO o.a.j.JMeter: java.version=21.0.9
2026-04-01 10:47:57,798 INFO o.a.j.JMeter: java.vm.name=Java HotSpot(TM) 64-Bit Server VM
2026-04-01 10:47:57,798 INFO o.a.j.JMeter: os.name=Windows 10
2026-04-01 10:47:57,798 INFO o.a.j.JMeter: os.arch=amd64
2026-04-01 10:47:57,798 INFO o.a.j.JMeter: os.version=10.0
2026-04-01 10:47:57,798 INFO o.a.j.JMeter: file.encoding=UTF-8
2026-04-01 10:47:57,798 INFO o.a.j.JMeter: java.awt.headless=null
2026-04-01 10:47:57,798 INFO o.a.j.JMeter: Max memory     =4208984064
2026-04-01 10:47:57,798 INFO o.a.j.JMeter: Available Processors =4
2026-04-01 10:47:57,852 INFO o.a.j.JMeter: Default Locale=English (India)
2026-04-01 10:47:57,853 INFO o.a.j.JMeter: JMeter  Locale=English (India)
2026-04-01 10:47:57,853 INFO o.a.j.JMeter: JMeterHome=D:\apache-jmeter-5.6.3
2026-04-01 10:47:57,853 INFO o.a.j.JMeter: user.dir  =D:\apache-jmeter-5.6.3\bin
2026-04-01 10:47:57,853 INFO o.a.j.JMeter: PWD       =D:\apache-jmeter-5.6.3\bin
2026-04-01 10:47:57,876 INFO o.a.j.JMeter: IP: 192.168.1.46 Name: DESKTOP-18UTTIF FullName: DESKTOP-18UTTIF
2026-04-01 10:47:57,936 INFO o.a.j.JMeter: Loaded icon properties from org/apache/jmeter/images/icon.properties
2026-04-01 10:47:58,863 INFO o.a.j.JMeterGuiLauncher: Setting LAF to: com.github.weisj.darklaf.DarkLaf:com.github.weisj.darklaf.theme.IntelliJTheme
2026-04-01 11:41:26,783 INFO o.a.j.s.FileServer: Default base='D:\apache-jmeter-5.6.3\bin'
